2020-05-30 15:50:36.588  INFO 2871 --- [main] ptit.edu.btl.BtlApplication              : Starting BtlApplication on vs-MacBook-Pro.local with PID 2871 (/Users/v/Documents/study/KTTK/btl/target/classes started by v in /Users/v/Documents/study/KTTK/btl)
2020-05-30 15:50:36.591  INFO 2871 --- [main] ptit.edu.btl.BtlApplication              : No active profile set, falling back to default profiles: default
2020-05-30 15:50:37.286  INFO 2871 --- [main] .s.d.r.c.RepositoryConfigurationDelegate : Bootstrapping Spring Data JPA repositories in DEFAULT mode.
2020-05-30 15:50:37.388  INFO 2871 --- [main] .s.d.r.c.RepositoryConfigurationDelegate : Finished Spring Data repository scanning in 89ms. Found 10 JPA repository interfaces.
2020-05-30 15:50:37.912  INFO 2871 --- [main] o.s.b.w.embedded.tomcat.TomcatWebServer  : Tomcat initialized with port(s): 8080 (http)
2020-05-30 15:50:37.921  INFO 2871 --- [main] o.apache.catalina.core.StandardService   : Starting service [Tomcat]
2020-05-30 15:50:37.921  INFO 2871 --- [main] org.apache.catalina.core.StandardEngine  : Starting Servlet engine: [Apache Tomcat/9.0.33]
2020-05-30 15:50:38.035  INFO 2871 --- [main] o.a.c.c.C.[Tomcat].[localhost].[/]       : Initializing Spring embedded WebApplicationContext
2020-05-30 15:50:38.035  INFO 2871 --- [main] o.s.web.context.ContextLoader            : Root WebApplicationContext: initialization completed in 1396 ms
2020-05-30 15:50:38.108  WARN 2871 --- [main] JpaBaseConfiguration$JpaWebConfiguration : spring.jpa.open-in-view is enabled by default. Therefore, database queries may be performed during view rendering. Explicitly configure spring.jpa.open-in-view to disable this warning
2020-05-30 15:50:38.218  INFO 2871 --- [main] o.hibernate.jpa.internal.util.LogHelper  : HHH000204: Processing PersistenceUnitInfo [name: default]
2020-05-30 15:50:38.291  INFO 2871 --- [main] org.hibernate.Version                    : HHH000412: Hibernate ORM core version 5.4.12.Final
2020-05-30 15:50:38.422  INFO 2871 --- [main] o.hibernate.annotations.common.Version   : HCANN000001: Hibernate Commons Annotations {5.1.0.Final}
2020-05-30 15:50:38.515  INFO 2871 --- [main] com.zaxxer.hikari.HikariDataSource       : HikariPool-1 - Starting...
2020-05-30 15:50:38.518  WARN 2871 --- [main] com.zaxxer.hikari.util.DriverDataSource  : Registered driver with driverClassName=com.mysql.jdbc.Driver was not found, trying direct instantiation.
2020-05-30 15:50:38.648  INFO 2871 --- [main] com.zaxxer.hikari.HikariDataSource       : HikariPool-1 - Start completed.
2020-05-30 15:50:38.662  INFO 2871 --- [main] org.hibernate.dialect.Dialect            : HHH000400: Using dialect: org.hibernate.dialect.MySQL5InnoDBDialect
2020-05-30 15:50:39.439 DEBUG 2871 --- [main] org.hibernate.SQL                        : alter table address add column active bit not null
2020-05-30 15:50:39.461 DEBUG 2871 --- [main] org.hibernate.SQL                        : alter table cart_detail add column flower_products_id integer not null
2020-05-30 15:50:39.482 DEBUG 2871 --- [main] org.hibernate.SQL                        : alter table cart_detail add column cart_detail_list_id integer
2020-05-30 15:50:39.510 DEBUG 2871 --- [main] org.hibernate.SQL                        : alter table category add column active bit not null
2020-05-30 15:50:39.530 DEBUG 2871 --- [main] org.hibernate.SQL                        : alter table comment add column active bit not null
2020-05-30 15:50:39.546 DEBUG 2871 --- [main] org.hibernate.SQL                        : alter table flower_products add column active bit not null
2020-05-30 15:50:39.569 DEBUG 2871 --- [main] org.hibernate.SQL                        : alter table order_bill add column address_id integer
2020-05-30 15:50:39.588 DEBUG 2871 --- [main] org.hibernate.SQL                        : alter table payment add column active bit not null
2020-05-30 15:50:39.615 DEBUG 2871 --- [main] org.hibernate.SQL                        : alter table people add column active bit not null
2020-05-30 15:50:39.635 DEBUG 2871 --- [main] org.hibernate.SQL                        : alter table users add column active bit not null
2020-05-30 15:50:39.653 DEBUG 2871 --- [main] org.hibernate.SQL                        : alter table users add column tokenfcm varchar(255)
2020-05-30 15:50:39.686 DEBUG 2871 --- [main] org.hibernate.SQL                        : alter table cart_detail add constraint cart_detail_fp foreign key (flower_products_id) references flower_products (id)
2020-05-30 15:50:39.719 DEBUG 2871 --- [main] org.hibernate.SQL                        : alter table cart_detail add constraint FKf5cwuoxx0f1pscwsyr4ykls4y foreign key (cart_detail_list_id) references order_bill (id)
2020-05-30 15:50:39.775 DEBUG 2871 --- [main] org.hibernate.SQL                        : alter table order_bill add constraint order_add foreign key (address_id) references address (id)
2020-05-30 15:50:39.818  INFO 2871 --- [main] o.h.e.t.j.p.i.JtaPlatformInitiator       : HHH000490: Using JtaPlatform implementation: [org.hibernate.engine.transaction.jta.platform.internal.NoJtaPlatform]
2020-05-30 15:50:39.824  INFO 2871 --- [main] j.LocalContainerEntityManagerFactoryBean : Initialized JPA EntityManagerFactory for persistence unit 'default'
2020-05-30 15:50:40.713  INFO 2871 --- [main] o.s.s.web.DefaultSecurityFilterChain     : Creating filter chain: any request, [org.springframework.security.web.context.request.async.WebAsyncManagerIntegrationFilter@6afced93, org.springframework.security.web.context.SecurityContextPersistenceFilter@38856d6e, org.springframework.security.web.header.HeaderWriterFilter@587400a9, org.springframework.web.filter.CorsFilter@3f142e87, org.springframework.security.web.authentication.logout.LogoutFilter@4eec5fa6, ptit.edu.btl.jwt.JwtAuthenticationFilter@12c78f36, org.springframework.security.web.savedrequest.RequestCacheAwareFilter@1dd9a3ae, org.springframework.security.web.servletapi.SecurityContextHolderAwareRequestFilter@f5167f0, org.springframework.security.web.authentication.AnonymousAuthenticationFilter@22dc9d46, org.springframework.security.web.session.SessionManagementFilter@165454f7, org.springframework.security.web.access.ExceptionTranslationFilter@61d150af, org.springframework.security.web.access.intercept.FilterSecurityInterceptor@28e8dee7]
2020-05-30 15:50:40.776  INFO 2871 --- [main] o.s.s.concurrent.ThreadPoolTaskExecutor  : Initializing ExecutorService 'applicationTaskExecutor'
2020-05-30 15:50:40.835  WARN 2871 --- [main] ion$DefaultTemplateResolverConfiguration : Cannot find template location: classpath:/templates/ (please add some templates or check your Thymeleaf configuration)
2020-05-30 15:50:40.984  INFO 2871 --- [main] o.s.b.w.embedded.tomcat.TomcatWebServer  : Tomcat started on port(s): 8080 (http) with context path ''
2020-05-30 15:50:40.987  INFO 2871 --- [main] ptit.edu.btl.BtlApplication              : Started BtlApplication in 4.896 seconds (JVM running for 5.901)
2020-05-30 15:50:46.963  INFO 2871 --- [http-nio-8080-exec-1] o.a.c.c.C.[Tomcat].[localhost].[/]       : Initializing Spring DispatcherServlet 'dispatcherServlet'
2020-05-30 15:50:46.964  INFO 2871 --- [http-nio-8080-exec-1] o.s.web.servlet.DispatcherServlet        : Initializing Servlet 'dispatcherServlet'
2020-05-30 15:50:46.970  INFO 2871 --- [http-nio-8080-exec-1] o.s.web.servlet.DispatcherServlet        : Completed initialization in 6 ms
2020-05-30 15:50:47.113 DEBUG 2871 --- [http-nio-8080-exec-1] org.hibernate.SQL                        : select users0_.id as id1_9_0_, users0_.active as active2_9_0_, users0_.password as password3_9_0_, users0_.people_id as people_i7_9_0_, users0_.role as role4_9_0_, users0_.tokenfcm as tokenfcm5_9_0_, users0_.username as username6_9_0_, people1_.id as id1_7_1_, people1_.active as active2_7_1_, people1_.address as address3_7_1_, people1_.avatar as avatar4_7_1_, people1_.birthday as birthday5_7_1_, people1_.email as email6_7_1_, people1_.first_name as first_na7_7_1_, people1_.job as job8_7_1_, people1_.last_name as last_nam9_7_1_, people1_.phone_number as phone_n10_7_1_, people1_.sex as sex11_7_1_ from users users0_ inner join people people1_ on users0_.people_id=people1_.id where users0_.id=?
2020-05-30 15:50:47.347 DEBUG 2871 --- [http-nio-8080-exec-1] org.hibernate.SQL                        : select people0_.id as id1_7_0_, people0_.active as active2_7_0_, people0_.address as address3_7_0_, people0_.avatar as avatar4_7_0_, people0_.birthday as birthday5_7_0_, people0_.email as email6_7_0_, people0_.first_name as first_na7_7_0_, people0_.job as job8_7_0_, people0_.last_name as last_nam9_7_0_, people0_.phone_number as phone_n10_7_0_, people0_.sex as sex11_7_0_ from people people0_ where people0_.id=?
2020-05-30 15:50:47.356 DEBUG 2871 --- [http-nio-8080-exec-1] org.hibernate.SQL                        : update people set active=?, address=?, avatar=?, birthday=?, email=?, first_name=?, job=?, last_name=?, phone_number=?, sex=? where id=?
2020-05-30 15:50:47.373  WARN 2871 --- [http-nio-8080-exec-1] o.h.engine.jdbc.spi.SqlExceptionHelper   : SQL Error: 1048, SQLState: 23000
2020-05-30 15:50:47.373 ERROR 2871 --- [http-nio-8080-exec-1] o.h.engine.jdbc.spi.SqlExceptionHelper   : Column 'active' cannot be null
2020-05-30 15:50:58.458 DEBUG 2871 --- [http-nio-8080-exec-2] org.hibernate.SQL                        : select users0_.id as id1_9_, users0_.active as active2_9_, users0_.password as password3_9_, users0_.people_id as people_i7_9_, users0_.role as role4_9_, users0_.tokenfcm as tokenfcm5_9_, users0_.username as username6_9_ from users users0_ where users0_.username=?
2020-05-30 15:50:58.459 DEBUG 2871 --- [http-nio-8080-exec-2] org.hibernate.SQL                        : select people0_.id as id1_7_0_, people0_.active as active2_7_0_, people0_.address as address3_7_0_, people0_.avatar as avatar4_7_0_, people0_.birthday as birthday5_7_0_, people0_.email as email6_7_0_, people0_.first_name as first_na7_7_0_, people0_.job as job8_7_0_, people0_.last_name as last_nam9_7_0_, people0_.phone_number as phone_n10_7_0_, people0_.sex as sex11_7_0_ from people people0_ where people0_.id=?
2020-05-30 15:50:58.568 DEBUG 2871 --- [http-nio-8080-exec-2] org.hibernate.SQL                        : select users0_.id as id1_9_, users0_.active as active2_9_, users0_.password as password3_9_, users0_.people_id as people_i7_9_, users0_.role as role4_9_, users0_.tokenfcm as tokenfcm5_9_, users0_.username as username6_9_ from users users0_ where users0_.username=?
2020-05-30 15:51:33.311 DEBUG 2871 --- [http-nio-8080-exec-3] org.hibernate.SQL                        : select users0_.id as id1_9_0_, users0_.active as active2_9_0_, users0_.password as password3_9_0_, users0_.people_id as people_i7_9_0_, users0_.role as role4_9_0_, users0_.tokenfcm as tokenfcm5_9_0_, users0_.username as username6_9_0_, people1_.id as id1_7_1_, people1_.active as active2_7_1_, people1_.address as address3_7_1_, people1_.avatar as avatar4_7_1_, people1_.birthday as birthday5_7_1_, people1_.email as email6_7_1_, people1_.first_name as first_na7_7_1_, people1_.job as job8_7_1_, people1_.last_name as last_nam9_7_1_, people1_.phone_number as phone_n10_7_1_, people1_.sex as sex11_7_1_ from users users0_ inner join people people1_ on users0_.people_id=people1_.id where users0_.id=?
2020-05-30 15:51:33.447 DEBUG 2871 --- [http-nio-8080-exec-3] org.hibernate.SQL                        : select people0_.id as id1_7_0_, people0_.active as active2_7_0_, people0_.address as address3_7_0_, people0_.avatar as avatar4_7_0_, people0_.birthday as birthday5_7_0_, people0_.email as email6_7_0_, people0_.first_name as first_na7_7_0_, people0_.job as job8_7_0_, people0_.last_name as last_nam9_7_0_, people0_.phone_number as phone_n10_7_0_, people0_.sex as sex11_7_0_ from people people0_ where people0_.id=?
2020-05-30 15:51:33.453 DEBUG 2871 --- [http-nio-8080-exec-3] org.hibernate.SQL                        : select users0_.id as id1_9_0_, users0_.active as active2_9_0_, users0_.password as password3_9_0_, users0_.people_id as people_i7_9_0_, users0_.role as role4_9_0_, users0_.tokenfcm as tokenfcm5_9_0_, users0_.username as username6_9_0_ from users users0_ where users0_.id=?
2020-05-30 15:51:33.455 DEBUG 2871 --- [http-nio-8080-exec-3] org.hibernate.SQL                        : update users set active=?, password=?, people_id=?, role=?, tokenfcm=?, username=? where id=?
2020-05-30 15:58:59.526  INFO 2871 --- [SpringContextShutdownHook] o.s.s.concurrent.ThreadPoolTaskExecutor  : Shutting down ExecutorService 'applicationTaskExecutor'
2020-05-30 15:58:59.529  INFO 2871 --- [SpringContextShutdownHook] j.LocalContainerEntityManagerFactoryBean : Closing JPA EntityManagerFactory for persistence unit 'default'
2020-05-30 15:58:59.532  INFO 2871 --- [SpringContextShutdownHook] com.zaxxer.hikari.HikariDataSource       : HikariPool-1 - Shutdown initiated...
2020-05-30 15:58:59.545  INFO 2871 --- [SpringContextShutdownHook] com.zaxxer.hikari.HikariDataSource       : HikariPool-1 - Shutdown completed.
